I:\GRUNDLAGEN_INFORMATIK_I\GRUNDLAGEN_INFORMATIK_I_2012_2013\VORLESUNG_4\PRIM_ITERATIV\PRIMES\DEBUG\PRIMES.OBJ
I:\GRUNDLAGEN_INFORMATIK_I\GRUNDLAGEN_INFORMATIK_I_2012_2013\VORLESUNG_4\PRIM_ITERATIV\PRIMES\DEBUG\VC110.PDB
I:\GRUNDLAGEN_INFORMATIK_I\GRUNDLAGEN_INFORMATIK_I_2012_2013\VORLESUNG_4\PRIM_ITERATIV\DEBUG\PRIMES.ILK
I:\GRUNDLAGEN_INFORMATIK_I\GRUNDLAGEN_INFORMATIK_I_2012_2013\VORLESUNG_4\PRIM_ITERATIV\DEBUG\PRIMES.EXE
I:\GRUNDLAGEN_INFORMATIK_I\GRUNDLAGEN_INFORMATIK_I_2012_2013\VORLESUNG_4\PRIM_ITERATIV\DEBUG\PRIMES.PDB
K:\Grundlagen_Informatik_I\Grundlagen_Informatik_I_2013_2014\Vorlesung_4\prim_iterativ\primes\Debug\primes.obj
K:\Grundlagen_Informatik_I\Grundlagen_Informatik_I_2013_2014\Vorlesung_4\prim_iterativ\primes\Debug\cl.command.1.tlog
K:\Grundlagen_Informatik_I\Grundlagen_Informatik_I_2013_2014\Vorlesung_4\prim_iterativ\primes\Debug\CL.read.1.tlog
K:\Grundlagen_Informatik_I\Grundlagen_Informatik_I_2013_2014\Vorlesung_4\prim_iterativ\primes\Debug\CL.write.1.tlog
K:\Grundlagen_Informatik_I\Grundlagen_Informatik_I_2013_2014\Vorlesung_4\prim_iterativ\primes\Debug\link-cvtres.read.1.tlog
K:\Grundlagen_Informatik_I\Grundlagen_Informatik_I_2013_2014\Vorlesung_4\prim_iterativ\primes\Debug\link-cvtres.write.1.tlog
K:\Grundlagen_Informatik_I\Grundlagen_Informatik_I_2013_2014\Vorlesung_4\prim_iterativ\primes\Debug\link-rc.read.1.tlog
K:\Grundlagen_Informatik_I\Grundlagen_Informatik_I_2013_2014\Vorlesung_4\prim_iterativ\primes\Debug\link-rc.write.1.tlog
K:\Grundlagen_Informatik_I\Grundlagen_Informatik_I_2013_2014\Vorlesung_4\prim_iterativ\primes\Debug\link.command.1.tlog
K:\Grundlagen_Informatik_I\Grundlagen_Informatik_I_2013_2014\Vorlesung_4\prim_iterativ\primes\Debug\link.read.1.tlog
K:\Grundlagen_Informatik_I\Grundlagen_Informatik_I_2013_2014\Vorlesung_4\prim_iterativ\primes\Debug\link.write.1.tlog
K:\Grundlagen_Informatik_I\Grundlagen_Informatik_I_2013_2014\Vorlesung_4\prim_iterativ\primes\Debug\vc110.idb
K:\Grundlagen_Informatik_I\Grundlagen_Informatik_I_2013_2014\Vorlesung_4\prim_iterativ\primes\Debug\vc110.pdb
K:\Grundlagen_Informatik_I\Grundlagen_Informatik_I_2013_2014\Vorlesung_4\prim_iterativ\Debug\primes.pdb
K:\Grundlagen_Informatik_I\Grundlagen_Informatik_I_2013_2014\Vorlesung_4\prim_iterativ\Debug\primes.exe
K:\Grundlagen_Informatik_I\Grundlagen_Informatik_I_2013_2014\Vorlesung_4\prim_iterativ\Debug\primes.ilk
