L:\GRUNDLAGEN_INFORMATIK_I\GRUNDLAGEN_INFORMATIK_I_2013_2014\VORLESUNG_5\LISTEN\LISTE\LISTE\DEBUG\LISTE.OBJ
L:\GRUNDLAGEN_INFORMATIK_I\GRUNDLAGEN_INFORMATIK_I_2013_2014\VORLESUNG_5\LISTEN\LISTE\LISTE\DEBUG\VC110.PDB
L:\GRUNDLAGEN_INFORMATIK_I\GRUNDLAGEN_INFORMATIK_I_2013_2014\VORLESUNG_5\LISTEN\LISTE\DEBUG\LISTE.ILK
L:\GRUNDLAGEN_INFORMATIK_I\GRUNDLAGEN_INFORMATIK_I_2013_2014\VORLESUNG_5\LISTEN\LISTE\DEBUG\LISTE.EXE
L:\GRUNDLAGEN_INFORMATIK_I\GRUNDLAGEN_INFORMATIK_I_2013_2014\VORLESUNG_5\LISTEN\LISTE\DEBUG\LISTE.PDB
L:\Grundlagen_Informatik_I\Grundlagen_Informatik_I_2013_2014\Vorlesung_5\Listen\Liste\Liste\Debug\Liste.obj
L:\Grundlagen_Informatik_I\Grundlagen_Informatik_I_2013_2014\Vorlesung_5\Listen\Liste\Liste\Debug\cl.command.1.tlog
L:\Grundlagen_Informatik_I\Grundlagen_Informatik_I_2013_2014\Vorlesung_5\Listen\Liste\Liste\Debug\CL.read.1.tlog
L:\Grundlagen_Informatik_I\Grundlagen_Informatik_I_2013_2014\Vorlesung_5\Listen\Liste\Liste\Debug\CL.write.1.tlog
L:\Grundlagen_Informatik_I\Grundlagen_Informatik_I_2013_2014\Vorlesung_5\Listen\Liste\Liste\Debug\link-cvtres.read.1.tlog
L:\Grundlagen_Informatik_I\Grundlagen_Informatik_I_2013_2014\Vorlesung_5\Listen\Liste\Liste\Debug\link-cvtres.write.1.tlog
L:\Grundlagen_Informatik_I\Grundlagen_Informatik_I_2013_2014\Vorlesung_5\Listen\Liste\Liste\Debug\link-rc.read.1.tlog
L:\Grundlagen_Informatik_I\Grundlagen_Informatik_I_2013_2014\Vorlesung_5\Listen\Liste\Liste\Debug\link-rc.write.1.tlog
L:\Grundlagen_Informatik_I\Grundlagen_Informatik_I_2013_2014\Vorlesung_5\Listen\Liste\Liste\Debug\link.command.1.tlog
L:\Grundlagen_Informatik_I\Grundlagen_Informatik_I_2013_2014\Vorlesung_5\Listen\Liste\Liste\Debug\link.read.1.tlog
L:\Grundlagen_Informatik_I\Grundlagen_Informatik_I_2013_2014\Vorlesung_5\Listen\Liste\Liste\Debug\link.write.1.tlog
L:\Grundlagen_Informatik_I\Grundlagen_Informatik_I_2013_2014\Vorlesung_5\Listen\Liste\Liste\Debug\vc110.idb
L:\Grundlagen_Informatik_I\Grundlagen_Informatik_I_2013_2014\Vorlesung_5\Listen\Liste\Liste\Debug\vc110.pdb
L:\Grundlagen_Informatik_I\Grundlagen_Informatik_I_2013_2014\Vorlesung_5\Listen\Liste\Debug\Liste.pdb
L:\Grundlagen_Informatik_I\Grundlagen_Informatik_I_2013_2014\Vorlesung_5\Listen\Liste\Debug\Liste.exe
L:\Grundlagen_Informatik_I\Grundlagen_Informatik_I_2013_2014\Vorlesung_5\Listen\Liste\Debug\Liste.ilk
