g:\grundlagen_informatik_i\grundlagen_informatik_i_2013_2014\vorlesung_6\stapel\stack1\stack1\debug\reverse.obj
g:\grundlagen_informatik_i\grundlagen_informatik_i_2013_2014\vorlesung_6\stapel\stack1\stack1\debug\stack.obj
g:\grundlagen_informatik_i\grundlagen_informatik_i_2013_2014\vorlesung_6\stapel\stack1\stack1\debug\vc110.pdb
g:\grundlagen_informatik_i\grundlagen_informatik_i_2013_2014\vorlesung_6\stapel\stack1\debug\stack1.ilk
g:\grundlagen_informatik_i\grundlagen_informatik_i_2013_2014\vorlesung_6\stapel\stack1\debug\stack1.exe
g:\grundlagen_informatik_i\grundlagen_informatik_i_2013_2014\vorlesung_6\stapel\stack1\debug\stack1.pdb
j:\grundlagen_informatik_i\grundlagen_informatik_i_2015_2016\vorlesung_6\stapel\stack1\stack1\debug\reverse.obj
j:\grundlagen_informatik_i\grundlagen_informatik_i_2015_2016\vorlesung_6\stapel\stack1\stack1\debug\stack.obj
j:\grundlagen_informatik_i\grundlagen_informatik_i_2015_2016\vorlesung_6\stapel\stack1\stack1\debug\cl.command.1.tlog
j:\grundlagen_informatik_i\grundlagen_informatik_i_2015_2016\vorlesung_6\stapel\stack1\stack1\debug\cl.read.1.tlog
j:\grundlagen_informatik_i\grundlagen_informatik_i_2015_2016\vorlesung_6\stapel\stack1\stack1\debug\cl.write.1.tlog
j:\grundlagen_informatik_i\grundlagen_informatik_i_2015_2016\vorlesung_6\stapel\stack1\stack1\debug\link-cvtres.read.1.tlog
j:\grundlagen_informatik_i\grundlagen_informatik_i_2015_2016\vorlesung_6\stapel\stack1\stack1\debug\link-cvtres.write.1.tlog
j:\grundlagen_informatik_i\grundlagen_informatik_i_2015_2016\vorlesung_6\stapel\stack1\stack1\debug\link-rc.read.1.tlog
j:\grundlagen_informatik_i\grundlagen_informatik_i_2015_2016\vorlesung_6\stapel\stack1\stack1\debug\link-rc.write.1.tlog
j:\grundlagen_informatik_i\grundlagen_informatik_i_2015_2016\vorlesung_6\stapel\stack1\stack1\debug\link.command.1.tlog
j:\grundlagen_informatik_i\grundlagen_informatik_i_2015_2016\vorlesung_6\stapel\stack1\stack1\debug\link.read.1.tlog
j:\grundlagen_informatik_i\grundlagen_informatik_i_2015_2016\vorlesung_6\stapel\stack1\stack1\debug\link.write.1.tlog
j:\grundlagen_informatik_i\grundlagen_informatik_i_2015_2016\vorlesung_6\stapel\stack1\stack1\debug\vc110.idb
j:\grundlagen_informatik_i\grundlagen_informatik_i_2015_2016\vorlesung_6\stapel\stack1\stack1\debug\vc110.pdb
j:\grundlagen_informatik_i\grundlagen_informatik_i_2015_2016\vorlesung_6\stapel\stack1\debug\stack1.pdb
j:\grundlagen_informatik_i\grundlagen_informatik_i_2015_2016\vorlesung_6\stapel\stack1\debug\stack1.exe
j:\grundlagen_informatik_i\grundlagen_informatik_i_2015_2016\vorlesung_6\stapel\stack1\debug\stack1.ilk
