I:\GRUNDLAGEN_INFORMATIK_I\GRUNDLAGEN_INFORMATIK_I_2012_2013\VORLESUNG_2\WERTEB\WERTEB\DEBUG\WERTEB.OBJ
I:\GRUNDLAGEN_INFORMATIK_I\GRUNDLAGEN_INFORMATIK_I_2012_2013\VORLESUNG_2\WERTEB\WERTEB\DEBUG\VC110.PDB
I:\GRUNDLAGEN_INFORMATIK_I\GRUNDLAGEN_INFORMATIK_I_2012_2013\VORLESUNG_2\WERTEB\DEBUG\WERTEB.ILK
I:\GRUNDLAGEN_INFORMATIK_I\GRUNDLAGEN_INFORMATIK_I_2012_2013\VORLESUNG_2\WERTEB\DEBUG\WERTEB.EXE
I:\GRUNDLAGEN_INFORMATIK_I\GRUNDLAGEN_INFORMATIK_I_2012_2013\VORLESUNG_2\WERTEB\DEBUG\WERTEB.PDB
I:\Grundlagen_Informatik_I\Grundlagen_Informatik_I_2012_2013\Vorlesung_2\werteb\werteb\Debug\werteb.obj
I:\Grundlagen_Informatik_I\Grundlagen_Informatik_I_2012_2013\Vorlesung_2\werteb\werteb\Debug\cl.command.1.tlog
I:\Grundlagen_Informatik_I\Grundlagen_Informatik_I_2012_2013\Vorlesung_2\werteb\werteb\Debug\CL.read.1.tlog
I:\Grundlagen_Informatik_I\Grundlagen_Informatik_I_2012_2013\Vorlesung_2\werteb\werteb\Debug\CL.write.1.tlog
I:\Grundlagen_Informatik_I\Grundlagen_Informatik_I_2012_2013\Vorlesung_2\werteb\werteb\Debug\link-cvtres.read.1.tlog
I:\Grundlagen_Informatik_I\Grundlagen_Informatik_I_2012_2013\Vorlesung_2\werteb\werteb\Debug\link-cvtres.write.1.tlog
I:\Grundlagen_Informatik_I\Grundlagen_Informatik_I_2012_2013\Vorlesung_2\werteb\werteb\Debug\link-rc.read.1.tlog
I:\Grundlagen_Informatik_I\Grundlagen_Informatik_I_2012_2013\Vorlesung_2\werteb\werteb\Debug\link-rc.write.1.tlog
I:\Grundlagen_Informatik_I\Grundlagen_Informatik_I_2012_2013\Vorlesung_2\werteb\werteb\Debug\link.command.1.tlog
I:\Grundlagen_Informatik_I\Grundlagen_Informatik_I_2012_2013\Vorlesung_2\werteb\werteb\Debug\link.read.1.tlog
I:\Grundlagen_Informatik_I\Grundlagen_Informatik_I_2012_2013\Vorlesung_2\werteb\werteb\Debug\link.write.1.tlog
I:\Grundlagen_Informatik_I\Grundlagen_Informatik_I_2012_2013\Vorlesung_2\werteb\werteb\Debug\vc110.idb
I:\Grundlagen_Informatik_I\Grundlagen_Informatik_I_2012_2013\Vorlesung_2\werteb\werteb\Debug\vc110.pdb
I:\Grundlagen_Informatik_I\Grundlagen_Informatik_I_2012_2013\Vorlesung_2\werteb\Debug\werteb.pdb
I:\Grundlagen_Informatik_I\Grundlagen_Informatik_I_2012_2013\Vorlesung_2\werteb\Debug\werteb.exe
I:\Grundlagen_Informatik_I\Grundlagen_Informatik_I_2012_2013\Vorlesung_2\werteb\Debug\werteb.ilk
