u:\1_dokumente\dbs2\windows\example\debug\vc120.pdb
u:\1_dokumente\dbs2\windows\example\debug\vc120.idb
u:\1_dokumente\dbs2\windows\example\debug\example.obj
u:\1_dokumente\dbs2\windows\example\debug\helper.obj
u:\1_dokumente\dbs2\windows\example\debug\exampleb.ilk
u:\1_dokumente\dbs2\windows\example\debug\exampleb.exe
u:\1_dokumente\dbs2\windows\example\debug\exampleb.pdb
c:\users\anxhela\desktop\wirtschaftsinformatik\3_semester\datenbanksysteme ii\praktikum\example\debug\beruf.obj
c:\users\anxhela\desktop\wirtschaftsinformatik\3_semester\datenbanksysteme ii\praktikum\example\debug\example.obj
c:\users\anxhela\desktop\wirtschaftsinformatik\3_semester\datenbanksysteme ii\praktikum\example\debug\helper.obj
c:\users\anxhela\desktop\wirtschaftsinformatik\3_semester\datenbanksysteme ii\praktikum\example\debug\exampleb.ilk
c:\users\anxhela\desktop\wirtschaftsinformatik\3_semester\datenbanksysteme ii\praktikum\example\debug\vc120.idb
c:\users\anxhela\desktop\wirtschaftsinformatik\3_semester\datenbanksysteme ii\praktikum\example\debug\exampleb.pdb
c:\users\anxhela\desktop\wirtschaftsinformatik\3_semester\datenbanksysteme ii\praktikum\example\debug\vc120.pdb
c:\users\anxhela\desktop\wirtschaftsinformatik\3_semester\datenbanksysteme ii\praktikum\example\debug\exampleb.exe
c:\users\anxhela\desktop\wirtschaftsinformatik\3_semester\datenbanksysteme ii\praktikum\example\debug\exampleb.tlog\cl.command.1.tlog
c:\users\anxhela\desktop\wirtschaftsinformatik\3_semester\datenbanksysteme ii\praktikum\example\debug\exampleb.tlog\cl.read.1.tlog
c:\users\anxhela\desktop\wirtschaftsinformatik\3_semester\datenbanksysteme ii\praktikum\example\debug\exampleb.tlog\cl.write.1.tlog
c:\users\anxhela\desktop\wirtschaftsinformatik\3_semester\datenbanksysteme ii\praktikum\example\debug\exampleb.tlog\link.command.1.tlog
c:\users\anxhela\desktop\wirtschaftsinformatik\3_semester\datenbanksysteme ii\praktikum\example\debug\exampleb.tlog\link.read.1.tlog
c:\users\anxhela\desktop\wirtschaftsinformatik\3_semester\datenbanksysteme ii\praktikum\example\debug\exampleb.tlog\link.write.1.tlog
