K:\GRUNDLAGEN_INFORMATIK_I\GRUNDLAGEN_INFORMATIK_I_2013_2014\VORLESUNG_4\HERON_REKURSIV\HERON_REKURSIV\DEBUG\HERON_REKURSIV.OBJ
K:\GRUNDLAGEN_INFORMATIK_I\GRUNDLAGEN_INFORMATIK_I_2013_2014\VORLESUNG_4\HERON_REKURSIV\HERON_REKURSIV\DEBUG\VC110.PDB
K:\GRUNDLAGEN_INFORMATIK_I\GRUNDLAGEN_INFORMATIK_I_2013_2014\VORLESUNG_4\HERON_REKURSIV\DEBUG\HERON_REKURSIV.ILK
K:\GRUNDLAGEN_INFORMATIK_I\GRUNDLAGEN_INFORMATIK_I_2013_2014\VORLESUNG_4\HERON_REKURSIV\DEBUG\HERON_REKURSIV.EXE
K:\GRUNDLAGEN_INFORMATIK_I\GRUNDLAGEN_INFORMATIK_I_2013_2014\VORLESUNG_4\HERON_REKURSIV\DEBUG\HERON_REKURSIV.PDB
K:\Grundlagen_Informatik_I\Grundlagen_Informatik_I_2013_2014\Vorlesung_4\heron_rekursiv\heron_rekursiv\Debug\heron_rekursiv.obj
K:\Grundlagen_Informatik_I\Grundlagen_Informatik_I_2013_2014\Vorlesung_4\heron_rekursiv\heron_rekursiv\Debug\cl.command.1.tlog
K:\Grundlagen_Informatik_I\Grundlagen_Informatik_I_2013_2014\Vorlesung_4\heron_rekursiv\heron_rekursiv\Debug\CL.read.1.tlog
K:\Grundlagen_Informatik_I\Grundlagen_Informatik_I_2013_2014\Vorlesung_4\heron_rekursiv\heron_rekursiv\Debug\CL.write.1.tlog
K:\Grundlagen_Informatik_I\Grundlagen_Informatik_I_2013_2014\Vorlesung_4\heron_rekursiv\heron_rekursiv\Debug\link-cvtres.read.1.tlog
K:\Grundlagen_Informatik_I\Grundlagen_Informatik_I_2013_2014\Vorlesung_4\heron_rekursiv\heron_rekursiv\Debug\link-cvtres.write.1.tlog
K:\Grundlagen_Informatik_I\Grundlagen_Informatik_I_2013_2014\Vorlesung_4\heron_rekursiv\heron_rekursiv\Debug\link-rc.read.1.tlog
K:\Grundlagen_Informatik_I\Grundlagen_Informatik_I_2013_2014\Vorlesung_4\heron_rekursiv\heron_rekursiv\Debug\link-rc.write.1.tlog
K:\Grundlagen_Informatik_I\Grundlagen_Informatik_I_2013_2014\Vorlesung_4\heron_rekursiv\heron_rekursiv\Debug\link.command.1.tlog
K:\Grundlagen_Informatik_I\Grundlagen_Informatik_I_2013_2014\Vorlesung_4\heron_rekursiv\heron_rekursiv\Debug\link.read.1.tlog
K:\Grundlagen_Informatik_I\Grundlagen_Informatik_I_2013_2014\Vorlesung_4\heron_rekursiv\heron_rekursiv\Debug\link.write.1.tlog
K:\Grundlagen_Informatik_I\Grundlagen_Informatik_I_2013_2014\Vorlesung_4\heron_rekursiv\heron_rekursiv\Debug\vc110.idb
K:\Grundlagen_Informatik_I\Grundlagen_Informatik_I_2013_2014\Vorlesung_4\heron_rekursiv\heron_rekursiv\Debug\vc110.pdb
K:\Grundlagen_Informatik_I\Grundlagen_Informatik_I_2013_2014\Vorlesung_4\heron_rekursiv\Debug\heron_rekursiv.pdb
K:\Grundlagen_Informatik_I\Grundlagen_Informatik_I_2013_2014\Vorlesung_4\heron_rekursiv\Debug\heron_rekursiv.exe
K:\Grundlagen_Informatik_I\Grundlagen_Informatik_I_2013_2014\Vorlesung_4\heron_rekursiv\Debug\heron_rekursiv.ilk
