f:\grundlagen_informatik_i\grundlagen_informatik_i_2013_2014\vorlesung_6\stapel\stack2\stack2\debug\reverseliste.obj
f:\grundlagen_informatik_i\grundlagen_informatik_i_2013_2014\vorlesung_6\stapel\stack2\stack2\debug\stackliste.obj
f:\grundlagen_informatik_i\grundlagen_informatik_i_2013_2014\vorlesung_6\stapel\stack2\stack2\debug\vc110.pdb
f:\grundlagen_informatik_i\grundlagen_informatik_i_2013_2014\vorlesung_6\stapel\stack2\debug\stack2.ilk
f:\grundlagen_informatik_i\grundlagen_informatik_i_2013_2014\vorlesung_6\stapel\stack2\debug\stack2.exe
f:\grundlagen_informatik_i\grundlagen_informatik_i_2013_2014\vorlesung_6\stapel\stack2\debug\stack2.pdb
j:\grundlagen_informatik_i\grundlagen_informatik_i_2015_2016\vorlesung_6\stapel\stack2\stack2\debug\reverseliste.obj
j:\grundlagen_informatik_i\grundlagen_informatik_i_2015_2016\vorlesung_6\stapel\stack2\stack2\debug\stackliste.obj
j:\grundlagen_informatik_i\grundlagen_informatik_i_2015_2016\vorlesung_6\stapel\stack2\stack2\debug\cl.command.1.tlog
j:\grundlagen_informatik_i\grundlagen_informatik_i_2015_2016\vorlesung_6\stapel\stack2\stack2\debug\cl.read.1.tlog
j:\grundlagen_informatik_i\grundlagen_informatik_i_2015_2016\vorlesung_6\stapel\stack2\stack2\debug\cl.write.1.tlog
j:\grundlagen_informatik_i\grundlagen_informatik_i_2015_2016\vorlesung_6\stapel\stack2\stack2\debug\link-cvtres.read.1.tlog
j:\grundlagen_informatik_i\grundlagen_informatik_i_2015_2016\vorlesung_6\stapel\stack2\stack2\debug\link-cvtres.write.1.tlog
j:\grundlagen_informatik_i\grundlagen_informatik_i_2015_2016\vorlesung_6\stapel\stack2\stack2\debug\link-rc.read.1.tlog
j:\grundlagen_informatik_i\grundlagen_informatik_i_2015_2016\vorlesung_6\stapel\stack2\stack2\debug\link-rc.write.1.tlog
j:\grundlagen_informatik_i\grundlagen_informatik_i_2015_2016\vorlesung_6\stapel\stack2\stack2\debug\link.command.1.tlog
j:\grundlagen_informatik_i\grundlagen_informatik_i_2015_2016\vorlesung_6\stapel\stack2\stack2\debug\link.read.1.tlog
j:\grundlagen_informatik_i\grundlagen_informatik_i_2015_2016\vorlesung_6\stapel\stack2\stack2\debug\link.write.1.tlog
j:\grundlagen_informatik_i\grundlagen_informatik_i_2015_2016\vorlesung_6\stapel\stack2\stack2\debug\vc110.idb
j:\grundlagen_informatik_i\grundlagen_informatik_i_2015_2016\vorlesung_6\stapel\stack2\stack2\debug\vc110.pdb
j:\grundlagen_informatik_i\grundlagen_informatik_i_2015_2016\vorlesung_6\stapel\stack2\debug\stack2.pdb
j:\grundlagen_informatik_i\grundlagen_informatik_i_2015_2016\vorlesung_6\stapel\stack2\debug\stack2.exe
j:\grundlagen_informatik_i\grundlagen_informatik_i_2015_2016\vorlesung_6\stapel\stack2\debug\stack2.ilk
