Build started 02.12.2013 15:46:56.
     1>Project "F:\Grundlagen_Informatik_I\Grundlagen_Informatik_I_2013_2014\Vorlesung_8\selectionsortc\selectionsortc\selectionsortc.vcxproj" on node 2 (Rebuild target(s)).
     1>_PrepareForClean:
         Deleting file "Debug\selectionsortc.lastbuildstate".
       InitializeBuildStatus:
         Creating "Debug\selectionsortc.unsuccessfulbuild" because "AlwaysCreate" was specified.
       ClCompile:
         C:\Program Files (x86)\Microsoft Visual Studio 11.0\VC\bin\CL.exe /c /ZI /nologo /W3 /WX- /Od /Oy- /D _MBCS /Gm /EHsc /RTC1 /MDd /GS /fp:precise /Zc:wchar_t /Zc:forScope /Fo"Debug\\" /Fd"Debug\vc110.pdb" /Gd /TC /analyze- /errorReport:prompt selectionsortc.c
         selectionsortc.c
     1>f:\grundlagen_informatik_i\grundlagen_informatik_i_2013_2014\vorlesung_8\selectionsortc\selectionsortc\selectionsortc.c(37): warning C4996: 'scanf': This function or variable may be unsafe. Consider using scanf_s instead. To disable deprecation, use _CRT_SECURE_NO_WARNINGS. See online help for details.
                 c:\program files (x86)\microsoft visual studio 11.0\vc\include\stdio.h(290) : see declaration of 'scanf'
       Link:
         C:\Program Files (x86)\Microsoft Visual Studio 11.0\VC\bin\link.exe /ERRORREPORT:PROMPT /OUT:"F:\Grundlagen_Informatik_I\Grundlagen_Informatik_I_2013_2014\Vorlesung_8\selectionsortc\Debug\selectionsortc.exe" /INCREMENTAL /NOLOGO kernel32.lib user32.lib gdi32.lib winspool.lib comdlg32.lib advapi32.lib shell32.lib ole32.lib oleaut32.lib uuid.lib odbc32.lib odbccp32.lib /MANIFEST /MANIFESTUAC:"level='asInvoker' uiAccess='false'" /manifest:embed /DEBUG /PDB:"F:\Grundlagen_Informatik_I\Grundlagen_Informatik_I_2013_2014\Vorlesung_8\selectionsortc\Debug\selectionsortc.pdb" /TLBID:1 /DYNAMICBASE /NXCOMPAT /IMPLIB:"F:\Grundlagen_Informatik_I\Grundlagen_Informatik_I_2013_2014\Vorlesung_8\selectionsortc\Debug\selectionsortc.lib" /MACHINE:X86 Debug\selectionsortc.obj
         selectionsortc.vcxproj -> F:\Grundlagen_Informatik_I\Grundlagen_Informatik_I_2013_2014\Vorlesung_8\selectionsortc\Debug\selectionsortc.exe
       FinalizeBuildStatus:
         Deleting file "Debug\selectionsortc.unsuccessfulbuild".
         Touching "Debug\selectionsortc.lastbuildstate".
     1>Done Building Project "F:\Grundlagen_Informatik_I\Grundlagen_Informatik_I_2013_2014\Vorlesung_8\selectionsortc\selectionsortc\selectionsortc.vcxproj" (Rebuild target(s)).

Build succeeded.

Time Elapsed 00:00:02.26
