G:\GRUNDLAGEN_INFORMATIK_I\GRUNDLAGEN_INFORMATIK_I_2012_2013\VORLESUNG_8\SELECTIONSORTC\SELECTIONSORTC\DEBUG\SELECTIONSORTC.OBJ
G:\GRUNDLAGEN_INFORMATIK_I\GRUNDLAGEN_INFORMATIK_I_2012_2013\VORLESUNG_8\SELECTIONSORTC\SELECTIONSORTC\DEBUG\VC110.PDB
G:\GRUNDLAGEN_INFORMATIK_I\GRUNDLAGEN_INFORMATIK_I_2012_2013\VORLESUNG_8\SELECTIONSORTC\DEBUG\SELECTIONSORTC.ILK
G:\GRUNDLAGEN_INFORMATIK_I\GRUNDLAGEN_INFORMATIK_I_2012_2013\VORLESUNG_8\SELECTIONSORTC\DEBUG\SELECTIONSORTC.EXE
G:\GRUNDLAGEN_INFORMATIK_I\GRUNDLAGEN_INFORMATIK_I_2012_2013\VORLESUNG_8\SELECTIONSORTC\DEBUG\SELECTIONSORTC.PDB
F:\Grundlagen_Informatik_I\Grundlagen_Informatik_I_2013_2014\Vorlesung_8\selectionsortc\selectionsortc\Debug\selectionsortc.obj
F:\Grundlagen_Informatik_I\Grundlagen_Informatik_I_2013_2014\Vorlesung_8\selectionsortc\selectionsortc\Debug\cl.command.1.tlog
F:\Grundlagen_Informatik_I\Grundlagen_Informatik_I_2013_2014\Vorlesung_8\selectionsortc\selectionsortc\Debug\CL.read.1.tlog
F:\Grundlagen_Informatik_I\Grundlagen_Informatik_I_2013_2014\Vorlesung_8\selectionsortc\selectionsortc\Debug\CL.write.1.tlog
F:\Grundlagen_Informatik_I\Grundlagen_Informatik_I_2013_2014\Vorlesung_8\selectionsortc\selectionsortc\Debug\link-cvtres.read.1.tlog
F:\Grundlagen_Informatik_I\Grundlagen_Informatik_I_2013_2014\Vorlesung_8\selectionsortc\selectionsortc\Debug\link-cvtres.write.1.tlog
F:\Grundlagen_Informatik_I\Grundlagen_Informatik_I_2013_2014\Vorlesung_8\selectionsortc\selectionsortc\Debug\link-rc.read.1.tlog
F:\Grundlagen_Informatik_I\Grundlagen_Informatik_I_2013_2014\Vorlesung_8\selectionsortc\selectionsortc\Debug\link-rc.write.1.tlog
F:\Grundlagen_Informatik_I\Grundlagen_Informatik_I_2013_2014\Vorlesung_8\selectionsortc\selectionsortc\Debug\link.command.1.tlog
F:\Grundlagen_Informatik_I\Grundlagen_Informatik_I_2013_2014\Vorlesung_8\selectionsortc\selectionsortc\Debug\link.read.1.tlog
F:\Grundlagen_Informatik_I\Grundlagen_Informatik_I_2013_2014\Vorlesung_8\selectionsortc\selectionsortc\Debug\link.write.1.tlog
F:\Grundlagen_Informatik_I\Grundlagen_Informatik_I_2013_2014\Vorlesung_8\selectionsortc\selectionsortc\Debug\vc110.idb
F:\Grundlagen_Informatik_I\Grundlagen_Informatik_I_2013_2014\Vorlesung_8\selectionsortc\selectionsortc\Debug\vc110.pdb
F:\Grundlagen_Informatik_I\Grundlagen_Informatik_I_2013_2014\Vorlesung_8\selectionsortc\Debug\selectionsortc.pdb
F:\Grundlagen_Informatik_I\Grundlagen_Informatik_I_2013_2014\Vorlesung_8\selectionsortc\Debug\selectionsortc.exe
F:\Grundlagen_Informatik_I\Grundlagen_Informatik_I_2013_2014\Vorlesung_8\selectionsortc\Debug\selectionsortc.ilk
