K:\GRUNDLAGEN_INFORMATIK_I\GRUNDLAGEN_INFORMATIK_I_2013_2014\VORLESUNG_8\BUBBLESORT\BUBBLE\BUBBLE\DEBUG\BUBBLE.OBJ
K:\GRUNDLAGEN_INFORMATIK_I\GRUNDLAGEN_INFORMATIK_I_2013_2014\VORLESUNG_8\BUBBLESORT\BUBBLE\BUBBLE\DEBUG\VC110.PDB
K:\GRUNDLAGEN_INFORMATIK_I\GRUNDLAGEN_INFORMATIK_I_2013_2014\VORLESUNG_8\BUBBLESORT\BUBBLE\DEBUG\BUBBLE.ILK
K:\GRUNDLAGEN_INFORMATIK_I\GRUNDLAGEN_INFORMATIK_I_2013_2014\VORLESUNG_8\BUBBLESORT\BUBBLE\DEBUG\BUBBLE.EXE
K:\GRUNDLAGEN_INFORMATIK_I\GRUNDLAGEN_INFORMATIK_I_2013_2014\VORLESUNG_8\BUBBLESORT\BUBBLE\DEBUG\BUBBLE.PDB
K:\Grundlagen_Informatik_I\Grundlagen_Informatik_I_2013_2014\Vorlesung_8\BubbleSort\bubble\bubble\Debug\bubble.obj
K:\Grundlagen_Informatik_I\Grundlagen_Informatik_I_2013_2014\Vorlesung_8\BubbleSort\bubble\bubble\Debug\cl.command.1.tlog
K:\Grundlagen_Informatik_I\Grundlagen_Informatik_I_2013_2014\Vorlesung_8\BubbleSort\bubble\bubble\Debug\CL.read.1.tlog
K:\Grundlagen_Informatik_I\Grundlagen_Informatik_I_2013_2014\Vorlesung_8\BubbleSort\bubble\bubble\Debug\CL.write.1.tlog
K:\Grundlagen_Informatik_I\Grundlagen_Informatik_I_2013_2014\Vorlesung_8\BubbleSort\bubble\bubble\Debug\link-cvtres.read.1.tlog
K:\Grundlagen_Informatik_I\Grundlagen_Informatik_I_2013_2014\Vorlesung_8\BubbleSort\bubble\bubble\Debug\link-cvtres.write.1.tlog
K:\Grundlagen_Informatik_I\Grundlagen_Informatik_I_2013_2014\Vorlesung_8\BubbleSort\bubble\bubble\Debug\link-rc.read.1.tlog
K:\Grundlagen_Informatik_I\Grundlagen_Informatik_I_2013_2014\Vorlesung_8\BubbleSort\bubble\bubble\Debug\link-rc.write.1.tlog
K:\Grundlagen_Informatik_I\Grundlagen_Informatik_I_2013_2014\Vorlesung_8\BubbleSort\bubble\bubble\Debug\link.command.1.tlog
K:\Grundlagen_Informatik_I\Grundlagen_Informatik_I_2013_2014\Vorlesung_8\BubbleSort\bubble\bubble\Debug\link.read.1.tlog
K:\Grundlagen_Informatik_I\Grundlagen_Informatik_I_2013_2014\Vorlesung_8\BubbleSort\bubble\bubble\Debug\link.write.1.tlog
K:\Grundlagen_Informatik_I\Grundlagen_Informatik_I_2013_2014\Vorlesung_8\BubbleSort\bubble\bubble\Debug\vc110.idb
K:\Grundlagen_Informatik_I\Grundlagen_Informatik_I_2013_2014\Vorlesung_8\BubbleSort\bubble\bubble\Debug\vc110.pdb
K:\Grundlagen_Informatik_I\Grundlagen_Informatik_I_2013_2014\Vorlesung_8\BubbleSort\bubble\Debug\bubble.pdb
K:\Grundlagen_Informatik_I\Grundlagen_Informatik_I_2013_2014\Vorlesung_8\BubbleSort\bubble\Debug\bubble.exe
K:\Grundlagen_Informatik_I\Grundlagen_Informatik_I_2013_2014\Vorlesung_8\BubbleSort\bubble\Debug\bubble.ilk
