K:\GRUNDLAGEN_INFORMATIK_I\GRUNDLAGEN_INFORMATIK_I_2013_2014\VORLESUNG_5\VEKTOR0\VEKTOR0\DEBUG\VEKTOR0.OBJ
K:\GRUNDLAGEN_INFORMATIK_I\GRUNDLAGEN_INFORMATIK_I_2013_2014\VORLESUNG_5\VEKTOR0\VEKTOR0\DEBUG\VC110.PDB
K:\GRUNDLAGEN_INFORMATIK_I\GRUNDLAGEN_INFORMATIK_I_2013_2014\VORLESUNG_5\VEKTOR0\DEBUG\VEKTOR0.ILK
K:\GRUNDLAGEN_INFORMATIK_I\GRUNDLAGEN_INFORMATIK_I_2013_2014\VORLESUNG_5\VEKTOR0\DEBUG\VEKTOR0.EXE
K:\GRUNDLAGEN_INFORMATIK_I\GRUNDLAGEN_INFORMATIK_I_2013_2014\VORLESUNG_5\VEKTOR0\DEBUG\VEKTOR0.PDB
K:\Grundlagen_Informatik_I\Grundlagen_Informatik_I_2013_2014\Vorlesung_5\vektor0\vektor0\Debug\vektor0.obj
K:\Grundlagen_Informatik_I\Grundlagen_Informatik_I_2013_2014\Vorlesung_5\vektor0\vektor0\Debug\cl.command.1.tlog
K:\Grundlagen_Informatik_I\Grundlagen_Informatik_I_2013_2014\Vorlesung_5\vektor0\vektor0\Debug\CL.read.1.tlog
K:\Grundlagen_Informatik_I\Grundlagen_Informatik_I_2013_2014\Vorlesung_5\vektor0\vektor0\Debug\CL.write.1.tlog
K:\Grundlagen_Informatik_I\Grundlagen_Informatik_I_2013_2014\Vorlesung_5\vektor0\vektor0\Debug\link-cvtres.read.1.tlog
K:\Grundlagen_Informatik_I\Grundlagen_Informatik_I_2013_2014\Vorlesung_5\vektor0\vektor0\Debug\link-cvtres.write.1.tlog
K:\Grundlagen_Informatik_I\Grundlagen_Informatik_I_2013_2014\Vorlesung_5\vektor0\vektor0\Debug\link-rc.read.1.tlog
K:\Grundlagen_Informatik_I\Grundlagen_Informatik_I_2013_2014\Vorlesung_5\vektor0\vektor0\Debug\link-rc.write.1.tlog
K:\Grundlagen_Informatik_I\Grundlagen_Informatik_I_2013_2014\Vorlesung_5\vektor0\vektor0\Debug\link.command.1.tlog
K:\Grundlagen_Informatik_I\Grundlagen_Informatik_I_2013_2014\Vorlesung_5\vektor0\vektor0\Debug\link.read.1.tlog
K:\Grundlagen_Informatik_I\Grundlagen_Informatik_I_2013_2014\Vorlesung_5\vektor0\vektor0\Debug\link.write.1.tlog
K:\Grundlagen_Informatik_I\Grundlagen_Informatik_I_2013_2014\Vorlesung_5\vektor0\vektor0\Debug\vc110.idb
K:\Grundlagen_Informatik_I\Grundlagen_Informatik_I_2013_2014\Vorlesung_5\vektor0\vektor0\Debug\vc110.pdb
K:\Grundlagen_Informatik_I\Grundlagen_Informatik_I_2013_2014\Vorlesung_5\vektor0\Debug\vektor0.pdb
K:\Grundlagen_Informatik_I\Grundlagen_Informatik_I_2013_2014\Vorlesung_5\vektor0\Debug\vektor0.exe
K:\Grundlagen_Informatik_I\Grundlagen_Informatik_I_2013_2014\Vorlesung_5\vektor0\Debug\vektor0.ilk
