G:\GRUNDLAGEN_INFORMATIK_I\GRUNDLAGEN_INFORMATIK_I_2013_2014\UEBUNG_7\DFS_C\DFS_C\DEBUG\DFSC.OBJ
G:\GRUNDLAGEN_INFORMATIK_I\GRUNDLAGEN_INFORMATIK_I_2013_2014\UEBUNG_7\DFS_C\DFS_C\DEBUG\VC110.PDB
G:\GRUNDLAGEN_INFORMATIK_I\GRUNDLAGEN_INFORMATIK_I_2013_2014\UEBUNG_7\DFS_C\DEBUG\DFS_C.ILK
G:\GRUNDLAGEN_INFORMATIK_I\GRUNDLAGEN_INFORMATIK_I_2013_2014\UEBUNG_7\DFS_C\DEBUG\DFS_C.EXE
G:\GRUNDLAGEN_INFORMATIK_I\GRUNDLAGEN_INFORMATIK_I_2013_2014\UEBUNG_7\DFS_C\DEBUG\DFS_C.PDB
G:\Grundlagen_Informatik_I\Grundlagen_Informatik_I_2013_2014\Uebung_7\dfs_c\dfs_c\Debug\dfsc.obj
G:\Grundlagen_Informatik_I\Grundlagen_Informatik_I_2013_2014\Uebung_7\dfs_c\dfs_c\Debug\cl.command.1.tlog
G:\Grundlagen_Informatik_I\Grundlagen_Informatik_I_2013_2014\Uebung_7\dfs_c\dfs_c\Debug\CL.read.1.tlog
G:\Grundlagen_Informatik_I\Grundlagen_Informatik_I_2013_2014\Uebung_7\dfs_c\dfs_c\Debug\CL.write.1.tlog
G:\Grundlagen_Informatik_I\Grundlagen_Informatik_I_2013_2014\Uebung_7\dfs_c\dfs_c\Debug\link-cvtres.read.1.tlog
G:\Grundlagen_Informatik_I\Grundlagen_Informatik_I_2013_2014\Uebung_7\dfs_c\dfs_c\Debug\link-cvtres.write.1.tlog
G:\Grundlagen_Informatik_I\Grundlagen_Informatik_I_2013_2014\Uebung_7\dfs_c\dfs_c\Debug\link-rc.read.1.tlog
G:\Grundlagen_Informatik_I\Grundlagen_Informatik_I_2013_2014\Uebung_7\dfs_c\dfs_c\Debug\link-rc.write.1.tlog
G:\Grundlagen_Informatik_I\Grundlagen_Informatik_I_2013_2014\Uebung_7\dfs_c\dfs_c\Debug\link.command.1.tlog
G:\Grundlagen_Informatik_I\Grundlagen_Informatik_I_2013_2014\Uebung_7\dfs_c\dfs_c\Debug\link.read.1.tlog
G:\Grundlagen_Informatik_I\Grundlagen_Informatik_I_2013_2014\Uebung_7\dfs_c\dfs_c\Debug\link.write.1.tlog
G:\Grundlagen_Informatik_I\Grundlagen_Informatik_I_2013_2014\Uebung_7\dfs_c\dfs_c\Debug\vc110.idb
G:\Grundlagen_Informatik_I\Grundlagen_Informatik_I_2013_2014\Uebung_7\dfs_c\dfs_c\Debug\vc110.pdb
G:\Grundlagen_Informatik_I\Grundlagen_Informatik_I_2013_2014\Uebung_7\dfs_c\Debug\dfs_c.pdb
G:\Grundlagen_Informatik_I\Grundlagen_Informatik_I_2013_2014\Uebung_7\dfs_c\Debug\dfs_c.exe
G:\Grundlagen_Informatik_I\Grundlagen_Informatik_I_2013_2014\Uebung_7\dfs_c\Debug\dfs_c.ilk
