G:\GRUNDLAGEN_INFORMATIK_I\GRUNDLAGEN_INFORMATIK_I_2012_2013\VORLESUNG_5\MALLOC1\MALLOC1\MALLOC1\DEBUG\MALLOC1.OBJ
G:\GRUNDLAGEN_INFORMATIK_I\GRUNDLAGEN_INFORMATIK_I_2012_2013\VORLESUNG_5\MALLOC1\MALLOC1\MALLOC1\DEBUG\VC110.PDB
G:\GRUNDLAGEN_INFORMATIK_I\GRUNDLAGEN_INFORMATIK_I_2012_2013\VORLESUNG_5\MALLOC1\MALLOC1\DEBUG\MALLOC1.ILK
G:\GRUNDLAGEN_INFORMATIK_I\GRUNDLAGEN_INFORMATIK_I_2012_2013\VORLESUNG_5\MALLOC1\MALLOC1\DEBUG\MALLOC1.EXE
G:\GRUNDLAGEN_INFORMATIK_I\GRUNDLAGEN_INFORMATIK_I_2012_2013\VORLESUNG_5\MALLOC1\MALLOC1\DEBUG\MALLOC1.PDB
K:\Grundlagen_Informatik_I\Grundlagen_Informatik_I_2013_2014\Vorlesung_5\malloc1\malloc1\malloc1\Debug\malloc1.obj
K:\Grundlagen_Informatik_I\Grundlagen_Informatik_I_2013_2014\Vorlesung_5\malloc1\malloc1\malloc1\Debug\cl.command.1.tlog
K:\Grundlagen_Informatik_I\Grundlagen_Informatik_I_2013_2014\Vorlesung_5\malloc1\malloc1\malloc1\Debug\CL.read.1.tlog
K:\Grundlagen_Informatik_I\Grundlagen_Informatik_I_2013_2014\Vorlesung_5\malloc1\malloc1\malloc1\Debug\CL.write.1.tlog
K:\Grundlagen_Informatik_I\Grundlagen_Informatik_I_2013_2014\Vorlesung_5\malloc1\malloc1\malloc1\Debug\link-cvtres.read.1.tlog
K:\Grundlagen_Informatik_I\Grundlagen_Informatik_I_2013_2014\Vorlesung_5\malloc1\malloc1\malloc1\Debug\link-cvtres.write.1.tlog
K:\Grundlagen_Informatik_I\Grundlagen_Informatik_I_2013_2014\Vorlesung_5\malloc1\malloc1\malloc1\Debug\link-rc.read.1.tlog
K:\Grundlagen_Informatik_I\Grundlagen_Informatik_I_2013_2014\Vorlesung_5\malloc1\malloc1\malloc1\Debug\link-rc.write.1.tlog
K:\Grundlagen_Informatik_I\Grundlagen_Informatik_I_2013_2014\Vorlesung_5\malloc1\malloc1\malloc1\Debug\link.command.1.tlog
K:\Grundlagen_Informatik_I\Grundlagen_Informatik_I_2013_2014\Vorlesung_5\malloc1\malloc1\malloc1\Debug\link.read.1.tlog
K:\Grundlagen_Informatik_I\Grundlagen_Informatik_I_2013_2014\Vorlesung_5\malloc1\malloc1\malloc1\Debug\link.write.1.tlog
K:\Grundlagen_Informatik_I\Grundlagen_Informatik_I_2013_2014\Vorlesung_5\malloc1\malloc1\malloc1\Debug\vc110.idb
K:\Grundlagen_Informatik_I\Grundlagen_Informatik_I_2013_2014\Vorlesung_5\malloc1\malloc1\malloc1\Debug\vc110.pdb
K:\Grundlagen_Informatik_I\Grundlagen_Informatik_I_2013_2014\Vorlesung_5\malloc1\malloc1\Debug\malloc1.pdb
K:\Grundlagen_Informatik_I\Grundlagen_Informatik_I_2013_2014\Vorlesung_5\malloc1\malloc1\Debug\malloc1.exe
K:\Grundlagen_Informatik_I\Grundlagen_Informatik_I_2013_2014\Vorlesung_5\malloc1\malloc1\Debug\malloc1.ilk
