G:\GRUNDLAGEN_INFORMATIK_I\GRUNDLAGEN_INFORMATIK_I_2013_2014\VORLESUNG_6\QUEUES\QUEUELISTE\QUEUELISTE\DEBUG\QUEUELISTE.OBJ
G:\GRUNDLAGEN_INFORMATIK_I\GRUNDLAGEN_INFORMATIK_I_2013_2014\VORLESUNG_6\QUEUES\QUEUELISTE\QUEUELISTE\DEBUG\VC110.PDB
G:\GRUNDLAGEN_INFORMATIK_I\GRUNDLAGEN_INFORMATIK_I_2013_2014\VORLESUNG_6\QUEUES\QUEUELISTE\DEBUG\QUEUELISTE.ILK
G:\GRUNDLAGEN_INFORMATIK_I\GRUNDLAGEN_INFORMATIK_I_2013_2014\VORLESUNG_6\QUEUES\QUEUELISTE\DEBUG\QUEUELISTE.EXE
G:\GRUNDLAGEN_INFORMATIK_I\GRUNDLAGEN_INFORMATIK_I_2013_2014\VORLESUNG_6\QUEUES\QUEUELISTE\DEBUG\QUEUELISTE.PDB
G:\Grundlagen_Informatik_I\Grundlagen_Informatik_I_2013_2014\Vorlesung_6\Queues\queueliste\queueliste\Debug\queueliste.obj
G:\Grundlagen_Informatik_I\Grundlagen_Informatik_I_2013_2014\Vorlesung_6\Queues\queueliste\queueliste\Debug\cl.command.1.tlog
G:\Grundlagen_Informatik_I\Grundlagen_Informatik_I_2013_2014\Vorlesung_6\Queues\queueliste\queueliste\Debug\CL.read.1.tlog
G:\Grundlagen_Informatik_I\Grundlagen_Informatik_I_2013_2014\Vorlesung_6\Queues\queueliste\queueliste\Debug\CL.write.1.tlog
G:\Grundlagen_Informatik_I\Grundlagen_Informatik_I_2013_2014\Vorlesung_6\Queues\queueliste\queueliste\Debug\link-cvtres.read.1.tlog
G:\Grundlagen_Informatik_I\Grundlagen_Informatik_I_2013_2014\Vorlesung_6\Queues\queueliste\queueliste\Debug\link-cvtres.write.1.tlog
G:\Grundlagen_Informatik_I\Grundlagen_Informatik_I_2013_2014\Vorlesung_6\Queues\queueliste\queueliste\Debug\link-rc.read.1.tlog
G:\Grundlagen_Informatik_I\Grundlagen_Informatik_I_2013_2014\Vorlesung_6\Queues\queueliste\queueliste\Debug\link-rc.write.1.tlog
G:\Grundlagen_Informatik_I\Grundlagen_Informatik_I_2013_2014\Vorlesung_6\Queues\queueliste\queueliste\Debug\link.command.1.tlog
G:\Grundlagen_Informatik_I\Grundlagen_Informatik_I_2013_2014\Vorlesung_6\Queues\queueliste\queueliste\Debug\link.read.1.tlog
G:\Grundlagen_Informatik_I\Grundlagen_Informatik_I_2013_2014\Vorlesung_6\Queues\queueliste\queueliste\Debug\link.write.1.tlog
G:\Grundlagen_Informatik_I\Grundlagen_Informatik_I_2013_2014\Vorlesung_6\Queues\queueliste\queueliste\Debug\vc110.idb
G:\Grundlagen_Informatik_I\Grundlagen_Informatik_I_2013_2014\Vorlesung_6\Queues\queueliste\queueliste\Debug\vc110.pdb
G:\Grundlagen_Informatik_I\Grundlagen_Informatik_I_2013_2014\Vorlesung_6\Queues\queueliste\Debug\queueliste.pdb
G:\Grundlagen_Informatik_I\Grundlagen_Informatik_I_2013_2014\Vorlesung_6\Queues\queueliste\Debug\queueliste.exe
G:\Grundlagen_Informatik_I\Grundlagen_Informatik_I_2013_2014\Vorlesung_6\Queues\queueliste\Debug\queueliste.ilk
