K:\GRUNDLAGEN_INFORMATIK_I\GRUNDLAGEN_INFORMATIK_I_2013_2014\VORLESUNG_4\PRIM_REKURSIV\PRIM\DEBUG\PRIM.OBJ
K:\GRUNDLAGEN_INFORMATIK_I\GRUNDLAGEN_INFORMATIK_I_2013_2014\VORLESUNG_4\PRIM_REKURSIV\PRIM\DEBUG\VC110.PDB
K:\GRUNDLAGEN_INFORMATIK_I\GRUNDLAGEN_INFORMATIK_I_2013_2014\VORLESUNG_4\PRIM_REKURSIV\DEBUG\PRIM.ILK
K:\GRUNDLAGEN_INFORMATIK_I\GRUNDLAGEN_INFORMATIK_I_2013_2014\VORLESUNG_4\PRIM_REKURSIV\DEBUG\PRIM.EXE
K:\GRUNDLAGEN_INFORMATIK_I\GRUNDLAGEN_INFORMATIK_I_2013_2014\VORLESUNG_4\PRIM_REKURSIV\DEBUG\PRIM.PDB
K:\Grundlagen_Informatik_I\Grundlagen_Informatik_I_2013_2014\Vorlesung_4\prim_rekursiv\prim\Debug\prim.obj
K:\Grundlagen_Informatik_I\Grundlagen_Informatik_I_2013_2014\Vorlesung_4\prim_rekursiv\prim\Debug\cl.command.1.tlog
K:\Grundlagen_Informatik_I\Grundlagen_Informatik_I_2013_2014\Vorlesung_4\prim_rekursiv\prim\Debug\CL.read.1.tlog
K:\Grundlagen_Informatik_I\Grundlagen_Informatik_I_2013_2014\Vorlesung_4\prim_rekursiv\prim\Debug\CL.write.1.tlog
K:\Grundlagen_Informatik_I\Grundlagen_Informatik_I_2013_2014\Vorlesung_4\prim_rekursiv\prim\Debug\link-cvtres.read.1.tlog
K:\Grundlagen_Informatik_I\Grundlagen_Informatik_I_2013_2014\Vorlesung_4\prim_rekursiv\prim\Debug\link-cvtres.write.1.tlog
K:\Grundlagen_Informatik_I\Grundlagen_Informatik_I_2013_2014\Vorlesung_4\prim_rekursiv\prim\Debug\link-rc.read.1.tlog
K:\Grundlagen_Informatik_I\Grundlagen_Informatik_I_2013_2014\Vorlesung_4\prim_rekursiv\prim\Debug\link-rc.write.1.tlog
K:\Grundlagen_Informatik_I\Grundlagen_Informatik_I_2013_2014\Vorlesung_4\prim_rekursiv\prim\Debug\link.command.1.tlog
K:\Grundlagen_Informatik_I\Grundlagen_Informatik_I_2013_2014\Vorlesung_4\prim_rekursiv\prim\Debug\link.read.1.tlog
K:\Grundlagen_Informatik_I\Grundlagen_Informatik_I_2013_2014\Vorlesung_4\prim_rekursiv\prim\Debug\link.write.1.tlog
K:\Grundlagen_Informatik_I\Grundlagen_Informatik_I_2013_2014\Vorlesung_4\prim_rekursiv\prim\Debug\vc110.idb
K:\Grundlagen_Informatik_I\Grundlagen_Informatik_I_2013_2014\Vorlesung_4\prim_rekursiv\prim\Debug\vc110.pdb
K:\Grundlagen_Informatik_I\Grundlagen_Informatik_I_2013_2014\Vorlesung_4\prim_rekursiv\Debug\prim.pdb
K:\Grundlagen_Informatik_I\Grundlagen_Informatik_I_2013_2014\Vorlesung_4\prim_rekursiv\Debug\prim.exe
K:\Grundlagen_Informatik_I\Grundlagen_Informatik_I_2013_2014\Vorlesung_4\prim_rekursiv\Debug\prim.ilk
